[0m05:39:43.637119 [debug] [MainThread]: Sending event: {'category': 'dbt', 'action': 'invocation', 'label': 'start', 'context': [<snowplow_tracker.self_describing_json.SelfDescribingJson object at 0x74416dd27890>, <snowplow_tracker.self_describing_json.SelfDescribingJson object at 0x74416f0c0410>, <snowplow_tracker.self_describing_json.SelfDescribingJson object at 0x74416dd936b0>]}


============================== 05:39:43.644832 | 3506e134-6a5f-4008-b9f9-8212169f3709 ==============================
[0m05:39:43.644832 [info ] [MainThread]: Running with dbt=1.9.0
[0m05:39:43.645317 [debug] [MainThread]: running dbt with arguments {'printer_width': '80', 'indirect_selection': 'eager', 'write_json': 'True', 'log_cache_events': 'False', 'partial_parse': 'True', 'cache_selected_only': 'False', 'profiles_dir': '/root/.dbt', 'debug': 'False', 'version_check': 'True', 'log_path': 'logs', 'fail_fast': 'False', 'warn_error': 'None', 'use_colors': 'True', 'use_experimental_parser': 'False', 'empty': 'None', 'quiet': 'False', 'no_print': 'None', 'log_format': 'default', 'invocation_command': 'dbt init my_project', 'introspect': 'True', 'warn_error_options': 'WarnErrorOptions(include=[], exclude=[])', 'target_path': 'None', 'static_parser': 'True', 'send_anonymous_usage_stats': 'True'}
[0m05:39:43.697240 [warn ] [MainThread]: [ConfigFolderDirectory]: Unable to parse logging event dictionary. Failed to parse dir field: expected string or bytes-like object, got 'PosixPath'.. Dictionary: {'dir': PosixPath('/root/.dbt')}
[0m05:39:43.697718 [info ] [MainThread]: Creating dbt configuration folder at 
[0m05:39:43.699596 [debug] [MainThread]: Starter project path: /usr/local/lib/python3.12/site-packages/dbt/include/starter_project
[0m05:39:43.706017 [info ] [MainThread]: 
Your new dbt project "my_project" was created!

For more information on how to configure the profiles.yml file,
please consult the dbt documentation here:

  https://docs.getdbt.com/docs/configure-your-profile

One more thing:

Need help? Don't hesitate to reach out to us via GitHub issues or on Slack:

  https://community.getdbt.com/

Happy modeling!

[0m05:39:43.706414 [info ] [MainThread]: Setting up your profile.
[0m05:40:53.319264 [info ] [MainThread]: Profile my_project written to /root/.dbt/profiles.yml using target's profile_template.yml and your supplied values. Run 'dbt debug' to validate the connection.
[0m05:40:53.322027 [debug] [MainThread]: Resource report: {"command_name": "init", "command_success": true, "command_wall_clock_time": 64.27021, "process_in_blocks": "0", "process_kernel_time": 0.451929, "process_mem_max_rss": "92904", "process_out_blocks": "1544", "process_user_time": 1.232934}
[0m05:40:53.322849 [debug] [MainThread]: Command `dbt init` succeeded at 05:40:53.322724 after 64.27 seconds
[0m05:40:53.323505 [debug] [MainThread]: Sending event: {'category': 'dbt', 'action': 'invocation', 'label': 'end', 'context': [<snowplow_tracker.self_describing_json.SelfDescribingJson object at 0x74416d774d70>, <snowplow_tracker.self_describing_json.SelfDescribingJson object at 0x74416d128680>, <snowplow_tracker.self_describing_json.SelfDescribingJson object at 0x74416d048f50>]}
[0m05:40:53.323987 [debug] [MainThread]: Flushing usage events
[0m05:40:54.533074 [debug] [MainThread]: An error was encountered while trying to flush usage events
